>> Writing PID to tmp/pids/thin.pid
>> Using rails adapter
>> Exiting!
/usr/lib/ruby/1.8/rubygems.rb:233:in `activate': can't activate rack (~> 1.1.0, runtime) for ["actionpack-2.3.11", "rails-2.3.11"], already activated rack-1.2.1 for ["thin-1.2.11"] (Gem::LoadError)
	from /usr/lib/ruby/1.8/rubygems.rb:249:in `activate'
	from /usr/lib/ruby/1.8/rubygems.rb:248:in `each'
	from /usr/lib/ruby/1.8/rubygems.rb:248:in `activate'
	from /usr/lib/ruby/1.8/rubygems.rb:249:in `activate'
	from /usr/lib/ruby/1.8/rubygems.rb:248:in `each'
	from /usr/lib/ruby/1.8/rubygems.rb:248:in `activate'
	from /usr/lib/ruby/1.8/rubygems.rb:1082:in `gem'
	from /home/jason/workspace/DianziKong/config/boot.rb:60:in `load_rails_gem'
	from /home/jason/workspace/DianziKong/config/boot.rb:54:in `load_initializer'
	from /home/jason/workspace/DianziKong/config/boot.rb:38:in `run'
	from /home/jason/workspace/DianziKong/config/boot.rb:11:in `boot!'
	from /home/jason/workspace/DianziKong/config/boot.rb:114
	from /usr/lib/ruby/1.8/rubygems/custom_require.rb:31:in `gem_original_require'
	from /usr/lib/ruby/1.8/rubygems/custom_require.rb:31:in `require'
	from /home/jason/workspace/DianziKong/config/environment.rb:7
	from /usr/lib/ruby/1.8/rubygems/custom_require.rb:31:in `gem_original_require'
	from /usr/lib/ruby/1.8/rubygems/custom_require.rb:31:in `require'
	from /var/lib/gems/1.8/gems/thin-1.2.11/lib/rack/adapter/rails.rb:37:in `load_application'
	from /var/lib/gems/1.8/gems/thin-1.2.11/lib/rack/adapter/rails.rb:23:in `initialize'
	from /var/lib/gems/1.8/gems/thin-1.2.11/lib/rack/adapter/loader.rb:48:in `new'
	from /var/lib/gems/1.8/gems/thin-1.2.11/lib/rack/adapter/loader.rb:48:in `for'
	from /var/lib/gems/1.8/gems/thin-1.2.11/lib/thin/controllers/controller.rb:169:in `load_adapter'
	from /var/lib/gems/1.8/gems/thin-1.2.11/lib/thin/controllers/controller.rb:73:in `start'
	from /var/lib/gems/1.8/gems/thin-1.2.11/lib/thin/runner.rb:185:in `send'
	from /var/lib/gems/1.8/gems/thin-1.2.11/lib/thin/runner.rb:185:in `run_command'
	from /var/lib/gems/1.8/gems/thin-1.2.11/lib/thin/runner.rb:151:in `run!'
	from /var/lib/gems/1.8/gems/thin-1.2.11/bin/thin:6
	from /var/lib/gems/1.8/bin/thin:19:in `load'
	from /var/lib/gems/1.8/bin/thin:19
